c:\users\liam\documents\computer_graphics\openglprogramming\openglprogramming\glfw3\x64\debug\glfw3.pdb
c:\users\liam\documents\computer_graphics\openglprogramming\openglprogramming\glfw3\x64\debug\glfw3.idb
c:\users\liam\documents\computer_graphics\openglprogramming\openglprogramming\glfw3\x64\debug\context.obj
c:\users\liam\documents\computer_graphics\openglprogramming\openglprogramming\glfw3\x64\debug\egl_context.obj
c:\users\liam\documents\computer_graphics\openglprogramming\openglprogramming\glfw3\x64\debug\init.obj
c:\users\liam\documents\computer_graphics\openglprogramming\openglprogramming\glfw3\x64\debug\input.obj
c:\users\liam\documents\computer_graphics\openglprogramming\openglprogramming\glfw3\x64\debug\monitor.obj
c:\users\liam\documents\computer_graphics\openglprogramming\openglprogramming\glfw3\x64\debug\vulkan.obj
c:\users\liam\documents\computer_graphics\openglprogramming\openglprogramming\glfw3\x64\debug\wgl_context.obj
c:\users\liam\documents\computer_graphics\openglprogramming\openglprogramming\glfw3\x64\debug\win32_init.obj
c:\users\liam\documents\computer_graphics\openglprogramming\openglprogramming\glfw3\x64\debug\win32_joystick.obj
c:\users\liam\documents\computer_graphics\openglprogramming\openglprogramming\glfw3\x64\debug\win32_monitor.obj
c:\users\liam\documents\computer_graphics\openglprogramming\openglprogramming\glfw3\x64\debug\win32_time.obj
c:\users\liam\documents\computer_graphics\openglprogramming\openglprogramming\glfw3\x64\debug\win32_tls.obj
c:\users\liam\documents\computer_graphics\openglprogramming\openglprogramming\glfw3\x64\debug\win32_window.obj
c:\users\liam\documents\computer_graphics\openglprogramming\openglprogramming\glfw3\x64\debug\window.obj
c:\users\liam\documents\computer_graphics\openglprogramming\openglprogramming\glfw3\x64\debug\xkb_unicode.obj
c:\users\liam\documents\computer_graphics\openglprogramming\openglprogramming\x64\debug\glfw3.lib
c:\users\liam\documents\computer_graphics\openglprogramming\openglprogramming\x64\debug\glfw3.pdb
c:\users\liam\documents\computer_graphics\openglprogramming\openglprogramming\glfw3\x64\debug\glfw3.tlog\cl.command.1.tlog
c:\users\liam\documents\computer_graphics\openglprogramming\openglprogramming\glfw3\x64\debug\glfw3.tlog\cl.read.1.tlog
c:\users\liam\documents\computer_graphics\openglprogramming\openglprogramming\glfw3\x64\debug\glfw3.tlog\cl.write.1.tlog
c:\users\liam\documents\computer_graphics\openglprogramming\openglprogramming\glfw3\x64\debug\glfw3.tlog\lib-link.read.1.tlog
c:\users\liam\documents\computer_graphics\openglprogramming\openglprogramming\glfw3\x64\debug\glfw3.tlog\lib-link.write.1.tlog
c:\users\liam\documents\computer_graphics\openglprogramming\openglprogramming\glfw3\x64\debug\glfw3.tlog\lib.command.1.tlog
